<?xml version="1.0" encoding="UTF-8"?>
<!-- Generated by org.testng.reporters.JUnitReportReporter -->
<testsuite hostname="TSQA-L109" failures="0" tests="1" name="testSuite.AllegiantSuite" time="19.496" errors="0" timestamp="2024-10-07T11:31:27 IST" skipped="0">
  <testcase classname="testSuite.AllegiantSuite" name="TC_01_HomePage" time="19.496"/>
</testsuite> <!-- testSuite.AllegiantSuite -->
