<?xml version="1.0" encoding="UTF-8"?>
<!-- Generated by org.testng.reporters.JUnitReportReporter -->
<testsuite hostname="TSQA-L109" failures="0" tests="1" name="testSuite.AllegiantSuite" time="159.194" errors="0" timestamp="2024-11-04T11:18:22 IST" skipped="0">
  <testcase classname="testSuite.AllegiantSuite" name="TC_02_RoundTrip" time="159.194"/>
</testsuite> <!-- testSuite.AllegiantSuite -->
